The system is: Linux - 5.10.76-linuxkit - aarch64
Compiling the C compiler identification source file "CMakeCCompilerId.c" succeeded.
Compiler: /usr/bin/gcc 
Build flags: 
Id flags:  

The output was:
0


Compilation of the C compiler identification source "CMakeCCompilerId.c" produced "a.out"

The C compiler identification is GNU, found in "/tmp/tmp.IyJU8EsJ7j/cmake-build-debug-remote-host/CMakeFiles/3.10.2/CompilerIdC/a.out"

Determining if the C compiler works passed with the following output:
Change Dir: /tmp/tmp.IyJU8EsJ7j/cmake-build-debug-remote-host/CMakeFiles/CMakeTmp

Run Build Command:"/usr/bin/make" "cmTC_ae236/fast"
/usr/bin/make -f CMakeFiles/cmTC_ae236.dir/build.make CMakeFiles/cmTC_ae236.dir/build
make[1]: Entering directory '/tmp/tmp.IyJU8EsJ7j/cmake-build-debug-remote-host/CMakeFiles/CMakeTmp'
Building C object CMakeFiles/cmTC_ae236.dir/testCCompiler.c.o
/usr/bin/gcc    -o CMakeFiles/cmTC_ae236.dir/testCCompiler.c.o   -c /tmp/tmp.IyJU8EsJ7j/cmake-build-debug-remote-host/CMakeFiles/CMakeTmp/testCCompiler.c
Linking C executable cmTC_ae236
/usr/bin/cmake -E cmake_link_script CMakeFiles/cmTC_ae236.dir/link.txt --verbose=1
/usr/bin/gcc      CMakeFiles/cmTC_ae236.dir/testCCompiler.c.o  -o cmTC_ae236 
make[1]: Leaving directory '/tmp/tmp.IyJU8EsJ7j/cmake-build-debug-remote-host/CMakeFiles/CMakeTmp'


Detecting C compiler ABI info compiled with the following output:
Change Dir: /tmp/tmp.IyJU8EsJ7j/cmake-build-debug-remote-host/CMakeFiles/CMakeTmp

Run Build Command:"/usr/bin/make" "cmTC_e3f86/fast"
/usr/bin/make -f CMakeFiles/cmTC_e3f86.dir/build.make CMakeFiles/cmTC_e3f86.dir/build
make[1]: Entering directory '/tmp/tmp.IyJU8EsJ7j/cmake-build-debug-remote-host/CMakeFiles/CMakeTmp'
Building C object CMakeFiles/cmTC_e3f86.dir/CMakeCCompilerABI.c.o
/usr/bin/gcc    -o CMakeFiles/cmTC_e3f86.dir/CMakeCCompilerABI.c.o   -c /usr/share/cmake-3.10/Modules/CMakeCCompilerABI.c
Linking C executable cmTC_e3f86
/usr/bin/cmake -E cmake_link_script CMakeFiles/cmTC_e3f86.dir/link.txt --verbose=1
/usr/bin/gcc     -v CMakeFiles/cmTC_e3f86.dir/CMakeCCompilerABI.c.o  -o cmTC_e3f86 
Using built-in specs.
COLLECT_GCC=/usr/bin/gcc
COLLECT_LTO_WRAPPER=/usr/lib/gcc/aarch64-linux-gnu/7/lto-wrapper
Target: aarch64-linux-gnu
Configured with: ../src/configure -v --with-pkgversion='Ubuntu/Linaro 7.5.0-3ubuntu1~18.04' --with-bugurl=file:///usr/share/doc/gcc-7/README.Bugs --enable-languages=c,ada,c++,go,d,fortran,objc,obj-c++ --prefix=/usr --with-gcc-major-version-only --program-suffix=-7 --program-prefix=aarch64-linux-gnu- --enable-shared --enable-linker-build-id --libexecdir=/usr/lib --without-included-gettext --enable-threads=posix --libdir=/usr/lib --enable-nls --enable-bootstrap --enable-clocale=gnu --enable-libstdcxx-debug --enable-libstdcxx-time=yes --with-default-libstdcxx-abi=new --enable-gnu-unique-object --disable-libquadmath --disable-libquadmath-support --enable-plugin --enable-default-pie --with-system-zlib --enable-multiarch --enable-fix-cortex-a53-843419 --disable-werror --enable-checking=release --build=aarch64-linux-gnu --host=aarch64-linux-gnu --target=aarch64-linux-gnu
Thread model: posix
gcc version 7.5.0 (Ubuntu/Linaro 7.5.0-3ubuntu1~18.04) 
COMPILER_PATH=/usr/lib/gcc/aarch64-linux-gnu/7/:/usr/lib/gcc/aarch64-linux-gnu/7/:/usr/lib/gcc/aarch64-linux-gnu/:/usr/lib/gcc/aarch64-linux-gnu/7/:/usr/lib/gcc/aarch64-linux-gnu/
LIBRARY_PATH=/usr/lib/gcc/aarch64-linux-gnu/7/:/usr/lib/gcc/aarch64-linux-gnu/7/../../../aarch64-linux-gnu/:/usr/lib/gcc/aarch64-linux-gnu/7/../../../../lib/:/lib/aarch64-linux-gnu/:/lib/../lib/:/usr/lib/aarch64-linux-gnu/:/usr/lib/../lib/:/usr/lib/gcc/aarch64-linux-gnu/7/../../../:/lib/:/usr/lib/
COLLECT_GCC_OPTIONS='-v' '-o' 'cmTC_e3f86' '-mlittle-endian' '-mabi=lp64'
 /usr/lib/gcc/aarch64-linux-gnu/7/collect2 -plugin /usr/lib/gcc/aarch64-linux-gnu/7/liblto_plugin.so -plugin-opt=/usr/lib/gcc/aarch64-linux-gnu/7/lto-wrapper -plugin-opt=-fresolution=/tmp/cceNZFNU.res -plugin-opt=-pass-through=-lgcc -plugin-opt=-pass-through=-lgcc_s -plugin-opt=-pass-through=-lc -plugin-opt=-pass-through=-lgcc -plugin-opt=-pass-through=-lgcc_s --build-id --eh-frame-hdr --hash-style=gnu --as-needed -dynamic-linker /lib/ld-linux-aarch64.so.1 -X -EL -maarch64linux --fix-cortex-a53-843419 -pie -z now -z relro -o cmTC_e3f86 /usr/lib/gcc/aarch64-linux-gnu/7/../../../aarch64-linux-gnu/Scrt1.o /usr/lib/gcc/aarch64-linux-gnu/7/../../../aarch64-linux-gnu/crti.o /usr/lib/gcc/aarch64-linux-gnu/7/crtbeginS.o -L/usr/lib/gcc/aarch64-linux-gnu/7 -L/usr/lib/gcc/aarch64-linux-gnu/7/../../../aarch64-linux-gnu -L/usr/lib/gcc/aarch64-linux-gnu/7/../../../../lib -L/lib/aarch64-linux-gnu -L/lib/../lib -L/usr/lib/aarch64-linux-gnu -L/usr/lib/../lib -L/usr/lib/gcc/aarch64-linux-gnu/7/../../.. CMakeFiles/cmTC_e3f86.dir/CMakeCCompilerABI.c.o -lgcc --push-state --as-needed -lgcc_s --pop-state -lc -lgcc --push-state --as-needed -lgcc_s --pop-state /usr/lib/gcc/aarch64-linux-gnu/7/crtendS.o /usr/lib/gcc/aarch64-linux-gnu/7/../../../aarch64-linux-gnu/crtn.o
COLLECT_GCC_OPTIONS='-v' '-o' 'cmTC_e3f86' '-mlittle-endian' '-mabi=lp64'
make[1]: Leaving directory '/tmp/tmp.IyJU8EsJ7j/cmake-build-debug-remote-host/CMakeFiles/CMakeTmp'


Parsed C implicit link information from above output:
  link line regex: [^( *|.*[/\])(ld|CMAKE_LINK_STARTFILE-NOTFOUND|([^/\]+-)?ld|collect2)[^/\]*( |$)]
  ignore line: [Change Dir: /tmp/tmp.IyJU8EsJ7j/cmake-build-debug-remote-host/CMakeFiles/CMakeTmp]
  ignore line: []
  ignore line: [Run Build Command:"/usr/bin/make" "cmTC_e3f86/fast"]
  ignore line: [/usr/bin/make -f CMakeFiles/cmTC_e3f86.dir/build.make CMakeFiles/cmTC_e3f86.dir/build]
  ignore line: [make[1]: Entering directory '/tmp/tmp.IyJU8EsJ7j/cmake-build-debug-remote-host/CMakeFiles/CMakeTmp']
  ignore line: [Building C object CMakeFiles/cmTC_e3f86.dir/CMakeCCompilerABI.c.o]
  ignore line: [/usr/bin/gcc    -o CMakeFiles/cmTC_e3f86.dir/CMakeCCompilerABI.c.o   -c /usr/share/cmake-3.10/Modules/CMakeCCompilerABI.c]
  ignore line: [Linking C executable cmTC_e3f86]
  ignore line: [/usr/bin/cmake -E cmake_link_script CMakeFiles/cmTC_e3f86.dir/link.txt --verbose=1]
  ignore line: [/usr/bin/gcc     -v CMakeFiles/cmTC_e3f86.dir/CMakeCCompilerABI.c.o  -o cmTC_e3f86 ]
  ignore line: [Using built-in specs.]
  ignore line: [COLLECT_GCC=/usr/bin/gcc]
  ignore line: [COLLECT_LTO_WRAPPER=/usr/lib/gcc/aarch64-linux-gnu/7/lto-wrapper]
  ignore line: [Target: aarch64-linux-gnu]
  ignore line: [Configured with: ../src/configure -v --with-pkgversion='Ubuntu/Linaro 7.5.0-3ubuntu1~18.04' --with-bugurl=file:///usr/share/doc/gcc-7/README.Bugs --enable-languages=c,ada,c++,go,d,fortran,objc,obj-c++ --prefix=/usr --with-gcc-major-version-only --program-suffix=-7 --program-prefix=aarch64-linux-gnu- --enable-shared --enable-linker-build-id --libexecdir=/usr/lib --without-included-gettext --enable-threads=posix --libdir=/usr/lib --enable-nls --enable-bootstrap --enable-clocale=gnu --enable-libstdcxx-debug --enable-libstdcxx-time=yes --with-default-libstdcxx-abi=new --enable-gnu-unique-object --disable-libquadmath --disable-libquadmath-support --enable-plugin --enable-default-pie --with-system-zlib --enable-multiarch --enable-fix-cortex-a53-843419 --disable-werror --enable-checking=release --build=aarch64-linux-gnu --host=aarch64-linux-gnu --target=aarch64-linux-gnu]
  ignore line: [Thread model: posix]
  ignore line: [gcc version 7.5.0 (Ubuntu/Linaro 7.5.0-3ubuntu1~18.04) ]
  ignore line: [COMPILER_PATH=/usr/lib/gcc/aarch64-linux-gnu/7/:/usr/lib/gcc/aarch64-linux-gnu/7/:/usr/lib/gcc/aarch64-linux-gnu/:/usr/lib/gcc/aarch64-linux-gnu/7/:/usr/lib/gcc/aarch64-linux-gnu/]
  ignore line: [LIBRARY_PATH=/usr/lib/gcc/aarch64-linux-gnu/7/:/usr/lib/gcc/aarch64-linux-gnu/7/../../../aarch64-linux-gnu/:/usr/lib/gcc/aarch64-linux-gnu/7/../../../../lib/:/lib/aarch64-linux-gnu/:/lib/../lib/:/usr/lib/aarch64-linux-gnu/:/usr/lib/../lib/:/usr/lib/gcc/aarch64-linux-gnu/7/../../../:/lib/:/usr/lib/]
  ignore line: [COLLECT_GCC_OPTIONS='-v' '-o' 'cmTC_e3f86' '-mlittle-endian' '-mabi=lp64']
  link line: [ /usr/lib/gcc/aarch64-linux-gnu/7/collect2 -plugin /usr/lib/gcc/aarch64-linux-gnu/7/liblto_plugin.so -plugin-opt=/usr/lib/gcc/aarch64-linux-gnu/7/lto-wrapper -plugin-opt=-fresolution=/tmp/cceNZFNU.res -plugin-opt=-pass-through=-lgcc -plugin-opt=-pass-through=-lgcc_s -plugin-opt=-pass-through=-lc -plugin-opt=-pass-through=-lgcc -plugin-opt=-pass-through=-lgcc_s --build-id --eh-frame-hdr --hash-style=gnu --as-needed -dynamic-linker /lib/ld-linux-aarch64.so.1 -X -EL -maarch64linux --fix-cortex-a53-843419 -pie -z now -z relro -o cmTC_e3f86 /usr/lib/gcc/aarch64-linux-gnu/7/../../../aarch64-linux-gnu/Scrt1.o /usr/lib/gcc/aarch64-linux-gnu/7/../../../aarch64-linux-gnu/crti.o /usr/lib/gcc/aarch64-linux-gnu/7/crtbeginS.o -L/usr/lib/gcc/aarch64-linux-gnu/7 -L/usr/lib/gcc/aarch64-linux-gnu/7/../../../aarch64-linux-gnu -L/usr/lib/gcc/aarch64-linux-gnu/7/../../../../lib -L/lib/aarch64-linux-gnu -L/lib/../lib -L/usr/lib/aarch64-linux-gnu -L/usr/lib/../lib -L/usr/lib/gcc/aarch64-linux-gnu/7/../../.. CMakeFiles/cmTC_e3f86.dir/CMakeCCompilerABI.c.o -lgcc --push-state --as-needed -lgcc_s --pop-state -lc -lgcc --push-state --as-needed -lgcc_s --pop-state /usr/lib/gcc/aarch64-linux-gnu/7/crtendS.o /usr/lib/gcc/aarch64-linux-gnu/7/../../../aarch64-linux-gnu/crtn.o]
    arg [/usr/lib/gcc/aarch64-linux-gnu/7/collect2] ==> ignore
    arg [-plugin] ==> ignore
    arg [/usr/lib/gcc/aarch64-linux-gnu/7/liblto_plugin.so] ==> ignore
    arg [-plugin-opt=/usr/lib/gcc/aarch64-linux-gnu/7/lto-wrapper] ==> ignore
    arg [-plugin-opt=-fresolution=/tmp/cceNZFNU.res] ==> ignore
    arg [-plugin-opt=-pass-through=-lgcc] ==> ignore
    arg [-plugin-opt=-pass-through=-lgcc_s] ==> ignore
    arg [-plugin-opt=-pass-through=-lc] ==> ignore
    arg [-plugin-opt=-pass-through=-lgcc] ==> ignore
    arg [-plugin-opt=-pass-through=-lgcc_s] ==> ignore
    arg [--build-id] ==> ignore
    arg [--eh-frame-hdr] ==> ignore
    arg [--hash-style=gnu] ==> ignore
    arg [--as-needed] ==> ignore
    arg [-dynamic-linker] ==> ignore
    arg [/lib/ld-linux-aarch64.so.1] ==> ignore
    arg [-X] ==> ignore
    arg [-EL] ==> ignore
    arg [-maarch64linux] ==> ignore
    arg [--fix-cortex-a53-843419] ==> ignore
    arg [-pie] ==> ignore
    arg [-znow] ==> ignore
    arg [-zrelro] ==> ignore
    arg [-o] ==> ignore
    arg [cmTC_e3f86] ==> ignore
    arg [/usr/lib/gcc/aarch64-linux-gnu/7/../../../aarch64-linux-gnu/Scrt1.o] ==> ignore
    arg [/usr/lib/gcc/aarch64-linux-gnu/7/../../../aarch64-linux-gnu/crti.o] ==> ignore
    arg [/usr/lib/gcc/aarch64-linux-gnu/7/crtbeginS.o] ==> ignore
    arg [-L/usr/lib/gcc/aarch64-linux-gnu/7] ==> dir [/usr/lib/gcc/aarch64-linux-gnu/7]
    arg [-L/usr/lib/gcc/aarch64-linux-gnu/7/../../../aarch64-linux-gnu] ==> dir [/usr/lib/gcc/aarch64-linux-gnu/7/../../../aarch64-linux-gnu]
    arg [-L/usr/lib/gcc/aarch64-linux-gnu/7/../../../../lib] ==> dir [/usr/lib/gcc/aarch64-linux-gnu/7/../../../../lib]
    arg [-L/lib/aarch64-linux-gnu] ==> dir [/lib/aarch64-linux-gnu]
    arg [-L/lib/../lib] ==> dir [/lib/../lib]
    arg [-L/usr/lib/aarch64-linux-gnu] ==> dir [/usr/lib/aarch64-linux-gnu]
    arg [-L/usr/lib/../lib] ==> dir [/usr/lib/../lib]
    arg [-L/usr/lib/gcc/aarch64-linux-gnu/7/../../..] ==> dir [/usr/lib/gcc/aarch64-linux-gnu/7/../../..]
    arg [CMakeFiles/cmTC_e3f86.dir/CMakeCCompilerABI.c.o] ==> ignore
    arg [-lgcc] ==> lib [gcc]
    arg [--push-state] ==> ignore
    arg [--as-needed] ==> ignore
    arg [-lgcc_s] ==> lib [gcc_s]
    arg [--pop-state] ==> ignore
    arg [-lc] ==> lib [c]
    arg [-lgcc] ==> lib [gcc]
    arg [--push-state] ==> ignore
    arg [--as-needed] ==> ignore
    arg [-lgcc_s] ==> lib [gcc_s]
    arg [--pop-state] ==> ignore
    arg [/usr/lib/gcc/aarch64-linux-gnu/7/crtendS.o] ==> ignore
    arg [/usr/lib/gcc/aarch64-linux-gnu/7/../../../aarch64-linux-gnu/crtn.o] ==> ignore
  collapse library dir [/usr/lib/gcc/aarch64-linux-gnu/7] ==> [/usr/lib/gcc/aarch64-linux-gnu/7]
  collapse library dir [/usr/lib/gcc/aarch64-linux-gnu/7/../../../aarch64-linux-gnu] ==> [/usr/lib/aarch64-linux-gnu]
  collapse library dir [/usr/lib/gcc/aarch64-linux-gnu/7/../../../../lib] ==> [/usr/lib]
  collapse library dir [/lib/aarch64-linux-gnu] ==> [/lib/aarch64-linux-gnu]
  collapse library dir [/lib/../lib] ==> [/lib]
  collapse library dir [/usr/lib/aarch64-linux-gnu] ==> [/usr/lib/aarch64-linux-gnu]
  collapse library dir [/usr/lib/../lib] ==> [/usr/lib]
  collapse library dir [/usr/lib/gcc/aarch64-linux-gnu/7/../../..] ==> [/usr/lib]
  implicit libs: [gcc;gcc_s;c;gcc;gcc_s]
  implicit dirs: [/usr/lib/gcc/aarch64-linux-gnu/7;/usr/lib/aarch64-linux-gnu;/usr/lib;/lib/aarch64-linux-gnu;/lib]
  implicit fwks: []




Detecting C [-std=c11] compiler features compiled with the following output:
Change Dir: /tmp/tmp.IyJU8EsJ7j/cmake-build-debug-remote-host/CMakeFiles/CMakeTmp

Run Build Command:"/usr/bin/make" "cmTC_a11f7/fast"
/usr/bin/make -f CMakeFiles/cmTC_a11f7.dir/build.make CMakeFiles/cmTC_a11f7.dir/build
make[1]: Entering directory '/tmp/tmp.IyJU8EsJ7j/cmake-build-debug-remote-host/CMakeFiles/CMakeTmp'
Building C object CMakeFiles/cmTC_a11f7.dir/feature_tests.c.o
/usr/bin/gcc   -std=c11 -o CMakeFiles/cmTC_a11f7.dir/feature_tests.c.o   -c /tmp/tmp.IyJU8EsJ7j/cmake-build-debug-remote-host/CMakeFiles/feature_tests.c
Linking C executable cmTC_a11f7
/usr/bin/cmake -E cmake_link_script CMakeFiles/cmTC_a11f7.dir/link.txt --verbose=1
/usr/bin/gcc      CMakeFiles/cmTC_a11f7.dir/feature_tests.c.o  -o cmTC_a11f7 
make[1]: Leaving directory '/tmp/tmp.IyJU8EsJ7j/cmake-build-debug-remote-host/CMakeFiles/CMakeTmp'


    Feature record: C_FEATURE:1c_function_prototypes
    Feature record: C_FEATURE:1c_restrict
    Feature record: C_FEATURE:1c_static_assert
    Feature record: C_FEATURE:1c_variadic_macros


Detecting C [-std=c99] compiler features compiled with the following output:
Change Dir: /tmp/tmp.IyJU8EsJ7j/cmake-build-debug-remote-host/CMakeFiles/CMakeTmp

Run Build Command:"/usr/bin/make" "cmTC_25568/fast"
/usr/bin/make -f CMakeFiles/cmTC_25568.dir/build.make CMakeFiles/cmTC_25568.dir/build
make[1]: Entering directory '/tmp/tmp.IyJU8EsJ7j/cmake-build-debug-remote-host/CMakeFiles/CMakeTmp'
Building C object CMakeFiles/cmTC_25568.dir/feature_tests.c.o
/usr/bin/gcc   -std=c99 -o CMakeFiles/cmTC_25568.dir/feature_tests.c.o   -c /tmp/tmp.IyJU8EsJ7j/cmake-build-debug-remote-host/CMakeFiles/feature_tests.c
Linking C executable cmTC_25568
/usr/bin/cmake -E cmake_link_script CMakeFiles/cmTC_25568.dir/link.txt --verbose=1
/usr/bin/gcc      CMakeFiles/cmTC_25568.dir/feature_tests.c.o  -o cmTC_25568 
make[1]: Leaving directory '/tmp/tmp.IyJU8EsJ7j/cmake-build-debug-remote-host/CMakeFiles/CMakeTmp'


    Feature record: C_FEATURE:1c_function_prototypes
    Feature record: C_FEATURE:1c_restrict
    Feature record: C_FEATURE:0c_static_assert
    Feature record: C_FEATURE:1c_variadic_macros


Detecting C [-std=c90] compiler features compiled with the following output:
Change Dir: /tmp/tmp.IyJU8EsJ7j/cmake-build-debug-remote-host/CMakeFiles/CMakeTmp

Run Build Command:"/usr/bin/make" "cmTC_02439/fast"
/usr/bin/make -f CMakeFiles/cmTC_02439.dir/build.make CMakeFiles/cmTC_02439.dir/build
make[1]: Entering directory '/tmp/tmp.IyJU8EsJ7j/cmake-build-debug-remote-host/CMakeFiles/CMakeTmp'
Building C object CMakeFiles/cmTC_02439.dir/feature_tests.c.o
/usr/bin/gcc   -std=c90 -o CMakeFiles/cmTC_02439.dir/feature_tests.c.o   -c /tmp/tmp.IyJU8EsJ7j/cmake-build-debug-remote-host/CMakeFiles/feature_tests.c
Linking C executable cmTC_02439
/usr/bin/cmake -E cmake_link_script CMakeFiles/cmTC_02439.dir/link.txt --verbose=1
/usr/bin/gcc      CMakeFiles/cmTC_02439.dir/feature_tests.c.o  -o cmTC_02439 
make[1]: Leaving directory '/tmp/tmp.IyJU8EsJ7j/cmake-build-debug-remote-host/CMakeFiles/CMakeTmp'


    Feature record: C_FEATURE:1c_function_prototypes
    Feature record: C_FEATURE:0c_restrict
    Feature record: C_FEATURE:0c_static_assert
    Feature record: C_FEATURE:0c_variadic_macros
Compiling the CXX compiler identification source file "CMakeCXXCompilerId.cpp" succeeded.
Compiler: /bin/g++ 
Build flags: 
Id flags:  

The output was:
0


Compilation of the CXX compiler identification source "CMakeCXXCompilerId.cpp" produced "a.out"

The CXX compiler identification is GNU, found in "/tmp/tmp.IyJU8EsJ7j/cmake-build-debug-remote-host/CMakeFiles/3.10.2/CompilerIdCXX/a.out"

Determining if the CXX compiler works passed with the following output:
Change Dir: /tmp/tmp.IyJU8EsJ7j/cmake-build-debug-remote-host/CMakeFiles/CMakeTmp

Run Build Command:"/usr/bin/make" "cmTC_0ad4c/fast"
/usr/bin/make -f CMakeFiles/cmTC_0ad4c.dir/build.make CMakeFiles/cmTC_0ad4c.dir/build
make[1]: Entering directory '/tmp/tmp.IyJU8EsJ7j/cmake-build-debug-remote-host/CMakeFiles/CMakeTmp'
Building CXX object CMakeFiles/cmTC_0ad4c.dir/testCXXCompiler.cxx.o
/bin/g++    -std=gnu++1z -o CMakeFiles/cmTC_0ad4c.dir/testCXXCompiler.cxx.o -c /tmp/tmp.IyJU8EsJ7j/cmake-build-debug-remote-host/CMakeFiles/CMakeTmp/testCXXCompiler.cxx
Linking CXX executable cmTC_0ad4c
/usr/bin/cmake -E cmake_link_script CMakeFiles/cmTC_0ad4c.dir/link.txt --verbose=1
/bin/g++       CMakeFiles/cmTC_0ad4c.dir/testCXXCompiler.cxx.o  -o cmTC_0ad4c 
make[1]: Leaving directory '/tmp/tmp.IyJU8EsJ7j/cmake-build-debug-remote-host/CMakeFiles/CMakeTmp'


Detecting CXX compiler ABI info compiled with the following output:
Change Dir: /tmp/tmp.IyJU8EsJ7j/cmake-build-debug-remote-host/CMakeFiles/CMakeTmp

Run Build Command:"/usr/bin/make" "cmTC_9ec09/fast"
/usr/bin/make -f CMakeFiles/cmTC_9ec09.dir/build.make CMakeFiles/cmTC_9ec09.dir/build
make[1]: Entering directory '/tmp/tmp.IyJU8EsJ7j/cmake-build-debug-remote-host/CMakeFiles/CMakeTmp'
Building CXX object CMakeFiles/cmTC_9ec09.dir/CMakeCXXCompilerABI.cpp.o
/bin/g++    -std=gnu++1z -o CMakeFiles/cmTC_9ec09.dir/CMakeCXXCompilerABI.cpp.o -c /usr/share/cmake-3.10/Modules/CMakeCXXCompilerABI.cpp
Linking CXX executable cmTC_9ec09
/usr/bin/cmake -E cmake_link_script CMakeFiles/cmTC_9ec09.dir/link.txt --verbose=1
/bin/g++      -v CMakeFiles/cmTC_9ec09.dir/CMakeCXXCompilerABI.cpp.o  -o cmTC_9ec09 
Using built-in specs.
COLLECT_GCC=/bin/g++
COLLECT_LTO_WRAPPER=/usr/lib/gcc/aarch64-linux-gnu/7/lto-wrapper
Target: aarch64-linux-gnu
Configured with: ../src/configure -v --with-pkgversion='Ubuntu/Linaro 7.5.0-3ubuntu1~18.04' --with-bugurl=file:///usr/share/doc/gcc-7/README.Bugs --enable-languages=c,ada,c++,go,d,fortran,objc,obj-c++ --prefix=/usr --with-gcc-major-version-only --program-suffix=-7 --program-prefix=aarch64-linux-gnu- --enable-shared --enable-linker-build-id --libexecdir=/usr/lib --without-included-gettext --enable-threads=posix --libdir=/usr/lib --enable-nls --enable-bootstrap --enable-clocale=gnu --enable-libstdcxx-debug --enable-libstdcxx-time=yes --with-default-libstdcxx-abi=new --enable-gnu-unique-object --disable-libquadmath --disable-libquadmath-support --enable-plugin --enable-default-pie --with-system-zlib --enable-multiarch --enable-fix-cortex-a53-843419 --disable-werror --enable-checking=release --build=aarch64-linux-gnu --host=aarch64-linux-gnu --target=aarch64-linux-gnu
Thread model: posix
gcc version 7.5.0 (Ubuntu/Linaro 7.5.0-3ubuntu1~18.04) 
COMPILER_PATH=/usr/lib/gcc/aarch64-linux-gnu/7/:/usr/lib/gcc/aarch64-linux-gnu/7/:/usr/lib/gcc/aarch64-linux-gnu/:/usr/lib/gcc/aarch64-linux-gnu/7/:/usr/lib/gcc/aarch64-linux-gnu/
LIBRARY_PATH=/usr/lib/gcc/aarch64-linux-gnu/7/:/usr/lib/gcc/aarch64-linux-gnu/7/../../../aarch64-linux-gnu/:/usr/lib/gcc/aarch64-linux-gnu/7/../../../../lib/:/lib/aarch64-linux-gnu/:/lib/../lib/:/usr/lib/aarch64-linux-gnu/:/usr/lib/../lib/:/usr/lib/gcc/aarch64-linux-gnu/7/../../../:/lib/:/usr/lib/
COLLECT_GCC_OPTIONS='-v' '-o' 'cmTC_9ec09' '-shared-libgcc' '-mlittle-endian' '-mabi=lp64'
 /usr/lib/gcc/aarch64-linux-gnu/7/collect2 -plugin /usr/lib/gcc/aarch64-linux-gnu/7/liblto_plugin.so -plugin-opt=/usr/lib/gcc/aarch64-linux-gnu/7/lto-wrapper -plugin-opt=-fresolution=/tmp/ccZKlYUj.res -plugin-opt=-pass-through=-lgcc_s -plugin-opt=-pass-through=-lgcc -plugin-opt=-pass-through=-lc -plugin-opt=-pass-through=-lgcc_s -plugin-opt=-pass-through=-lgcc --build-id --eh-frame-hdr --hash-style=gnu --as-needed -dynamic-linker /lib/ld-linux-aarch64.so.1 -X -EL -maarch64linux --fix-cortex-a53-843419 -pie -z now -z relro -o cmTC_9ec09 /usr/lib/gcc/aarch64-linux-gnu/7/../../../aarch64-linux-gnu/Scrt1.o /usr/lib/gcc/aarch64-linux-gnu/7/../../../aarch64-linux-gnu/crti.o /usr/lib/gcc/aarch64-linux-gnu/7/crtbeginS.o -L/usr/lib/gcc/aarch64-linux-gnu/7 -L/usr/lib/gcc/aarch64-linux-gnu/7/../../../aarch64-linux-gnu -L/usr/lib/gcc/aarch64-linux-gnu/7/../../../../lib -L/lib/aarch64-linux-gnu -L/lib/../lib -L/usr/lib/aarch64-linux-gnu -L/usr/lib/../lib -L/usr/lib/gcc/aarch64-linux-gnu/7/../../.. CMakeFiles/cmTC_9ec09.dir/CMakeCXXCompilerABI.cpp.o -lstdc++ -lm -lgcc_s -lgcc -lc -lgcc_s -lgcc /usr/lib/gcc/aarch64-linux-gnu/7/crtendS.o /usr/lib/gcc/aarch64-linux-gnu/7/../../../aarch64-linux-gnu/crtn.o
COLLECT_GCC_OPTIONS='-v' '-o' 'cmTC_9ec09' '-shared-libgcc' '-mlittle-endian' '-mabi=lp64'
make[1]: Leaving directory '/tmp/tmp.IyJU8EsJ7j/cmake-build-debug-remote-host/CMakeFiles/CMakeTmp'


Parsed CXX implicit link information from above output:
  link line regex: [^( *|.*[/\])(ld|CMAKE_LINK_STARTFILE-NOTFOUND|([^/\]+-)?ld|collect2)[^/\]*( |$)]
  ignore line: [Change Dir: /tmp/tmp.IyJU8EsJ7j/cmake-build-debug-remote-host/CMakeFiles/CMakeTmp]
  ignore line: []
  ignore line: [Run Build Command:"/usr/bin/make" "cmTC_9ec09/fast"]
  ignore line: [/usr/bin/make -f CMakeFiles/cmTC_9ec09.dir/build.make CMakeFiles/cmTC_9ec09.dir/build]
  ignore line: [make[1]: Entering directory '/tmp/tmp.IyJU8EsJ7j/cmake-build-debug-remote-host/CMakeFiles/CMakeTmp']
  ignore line: [Building CXX object CMakeFiles/cmTC_9ec09.dir/CMakeCXXCompilerABI.cpp.o]
  ignore line: [/bin/g++    -std=gnu++1z -o CMakeFiles/cmTC_9ec09.dir/CMakeCXXCompilerABI.cpp.o -c /usr/share/cmake-3.10/Modules/CMakeCXXCompilerABI.cpp]
  ignore line: [Linking CXX executable cmTC_9ec09]
  ignore line: [/usr/bin/cmake -E cmake_link_script CMakeFiles/cmTC_9ec09.dir/link.txt --verbose=1]
  ignore line: [/bin/g++      -v CMakeFiles/cmTC_9ec09.dir/CMakeCXXCompilerABI.cpp.o  -o cmTC_9ec09 ]
  ignore line: [Using built-in specs.]
  ignore line: [COLLECT_GCC=/bin/g++]
  ignore line: [COLLECT_LTO_WRAPPER=/usr/lib/gcc/aarch64-linux-gnu/7/lto-wrapper]
  ignore line: [Target: aarch64-linux-gnu]
  ignore line: [Configured with: ../src/configure -v --with-pkgversion='Ubuntu/Linaro 7.5.0-3ubuntu1~18.04' --with-bugurl=file:///usr/share/doc/gcc-7/README.Bugs --enable-languages=c,ada,c++,go,d,fortran,objc,obj-c++ --prefix=/usr --with-gcc-major-version-only --program-suffix=-7 --program-prefix=aarch64-linux-gnu- --enable-shared --enable-linker-build-id --libexecdir=/usr/lib --without-included-gettext --enable-threads=posix --libdir=/usr/lib --enable-nls --enable-bootstrap --enable-clocale=gnu --enable-libstdcxx-debug --enable-libstdcxx-time=yes --with-default-libstdcxx-abi=new --enable-gnu-unique-object --disable-libquadmath --disable-libquadmath-support --enable-plugin --enable-default-pie --with-system-zlib --enable-multiarch --enable-fix-cortex-a53-843419 --disable-werror --enable-checking=release --build=aarch64-linux-gnu --host=aarch64-linux-gnu --target=aarch64-linux-gnu]
  ignore line: [Thread model: posix]
  ignore line: [gcc version 7.5.0 (Ubuntu/Linaro 7.5.0-3ubuntu1~18.04) ]
  ignore line: [COMPILER_PATH=/usr/lib/gcc/aarch64-linux-gnu/7/:/usr/lib/gcc/aarch64-linux-gnu/7/:/usr/lib/gcc/aarch64-linux-gnu/:/usr/lib/gcc/aarch64-linux-gnu/7/:/usr/lib/gcc/aarch64-linux-gnu/]
  ignore line: [LIBRARY_PATH=/usr/lib/gcc/aarch64-linux-gnu/7/:/usr/lib/gcc/aarch64-linux-gnu/7/../../../aarch64-linux-gnu/:/usr/lib/gcc/aarch64-linux-gnu/7/../../../../lib/:/lib/aarch64-linux-gnu/:/lib/../lib/:/usr/lib/aarch64-linux-gnu/:/usr/lib/../lib/:/usr/lib/gcc/aarch64-linux-gnu/7/../../../:/lib/:/usr/lib/]
  ignore line: [COLLECT_GCC_OPTIONS='-v' '-o' 'cmTC_9ec09' '-shared-libgcc' '-mlittle-endian' '-mabi=lp64']
  link line: [ /usr/lib/gcc/aarch64-linux-gnu/7/collect2 -plugin /usr/lib/gcc/aarch64-linux-gnu/7/liblto_plugin.so -plugin-opt=/usr/lib/gcc/aarch64-linux-gnu/7/lto-wrapper -plugin-opt=-fresolution=/tmp/ccZKlYUj.res -plugin-opt=-pass-through=-lgcc_s -plugin-opt=-pass-through=-lgcc -plugin-opt=-pass-through=-lc -plugin-opt=-pass-through=-lgcc_s -plugin-opt=-pass-through=-lgcc --build-id --eh-frame-hdr --hash-style=gnu --as-needed -dynamic-linker /lib/ld-linux-aarch64.so.1 -X -EL -maarch64linux --fix-cortex-a53-843419 -pie -z now -z relro -o cmTC_9ec09 /usr/lib/gcc/aarch64-linux-gnu/7/../../../aarch64-linux-gnu/Scrt1.o /usr/lib/gcc/aarch64-linux-gnu/7/../../../aarch64-linux-gnu/crti.o /usr/lib/gcc/aarch64-linux-gnu/7/crtbeginS.o -L/usr/lib/gcc/aarch64-linux-gnu/7 -L/usr/lib/gcc/aarch64-linux-gnu/7/../../../aarch64-linux-gnu -L/usr/lib/gcc/aarch64-linux-gnu/7/../../../../lib -L/lib/aarch64-linux-gnu -L/lib/../lib -L/usr/lib/aarch64-linux-gnu -L/usr/lib/../lib -L/usr/lib/gcc/aarch64-linux-gnu/7/../../.. CMakeFiles/cmTC_9ec09.dir/CMakeCXXCompilerABI.cpp.o -lstdc++ -lm -lgcc_s -lgcc -lc -lgcc_s -lgcc /usr/lib/gcc/aarch64-linux-gnu/7/crtendS.o /usr/lib/gcc/aarch64-linux-gnu/7/../../../aarch64-linux-gnu/crtn.o]
    arg [/usr/lib/gcc/aarch64-linux-gnu/7/collect2] ==> ignore
    arg [-plugin] ==> ignore
    arg [/usr/lib/gcc/aarch64-linux-gnu/7/liblto_plugin.so] ==> ignore
    arg [-plugin-opt=/usr/lib/gcc/aarch64-linux-gnu/7/lto-wrapper] ==> ignore
    arg [-plugin-opt=-fresolution=/tmp/ccZKlYUj.res] ==> ignore
    arg [-plugin-opt=-pass-through=-lgcc_s] ==> ignore
    arg [-plugin-opt=-pass-through=-lgcc] ==> ignore
    arg [-plugin-opt=-pass-through=-lc] ==> ignore
    arg [-plugin-opt=-pass-through=-lgcc_s] ==> ignore
    arg [-plugin-opt=-pass-through=-lgcc] ==> ignore
    arg [--build-id] ==> ignore
    arg [--eh-frame-hdr] ==> ignore
    arg [--hash-style=gnu] ==> ignore
    arg [--as-needed] ==> ignore
    arg [-dynamic-linker] ==> ignore
    arg [/lib/ld-linux-aarch64.so.1] ==> ignore
    arg [-X] ==> ignore
    arg [-EL] ==> ignore
    arg [-maarch64linux] ==> ignore
    arg [--fix-cortex-a53-843419] ==> ignore
    arg [-pie] ==> ignore
    arg [-znow] ==> ignore
    arg [-zrelro] ==> ignore
    arg [-o] ==> ignore
    arg [cmTC_9ec09] ==> ignore
    arg [/usr/lib/gcc/aarch64-linux-gnu/7/../../../aarch64-linux-gnu/Scrt1.o] ==> ignore
    arg [/usr/lib/gcc/aarch64-linux-gnu/7/../../../aarch64-linux-gnu/crti.o] ==> ignore
    arg [/usr/lib/gcc/aarch64-linux-gnu/7/crtbeginS.o] ==> ignore
    arg [-L/usr/lib/gcc/aarch64-linux-gnu/7] ==> dir [/usr/lib/gcc/aarch64-linux-gnu/7]
    arg [-L/usr/lib/gcc/aarch64-linux-gnu/7/../../../aarch64-linux-gnu] ==> dir [/usr/lib/gcc/aarch64-linux-gnu/7/../../../aarch64-linux-gnu]
    arg [-L/usr/lib/gcc/aarch64-linux-gnu/7/../../../../lib] ==> dir [/usr/lib/gcc/aarch64-linux-gnu/7/../../../../lib]
    arg [-L/lib/aarch64-linux-gnu] ==> dir [/lib/aarch64-linux-gnu]
    arg [-L/lib/../lib] ==> dir [/lib/../lib]
    arg [-L/usr/lib/aarch64-linux-gnu] ==> dir [/usr/lib/aarch64-linux-gnu]
    arg [-L/usr/lib/../lib] ==> dir [/usr/lib/../lib]
    arg [-L/usr/lib/gcc/aarch64-linux-gnu/7/../../..] ==> dir [/usr/lib/gcc/aarch64-linux-gnu/7/../../..]
    arg [CMakeFiles/cmTC_9ec09.dir/CMakeCXXCompilerABI.cpp.o] ==> ignore
    arg [-lstdc++] ==> lib [stdc++]
    arg [-lm] ==> lib [m]
    arg [-lgcc_s] ==> lib [gcc_s]
    arg [-lgcc] ==> lib [gcc]
    arg [-lc] ==> lib [c]
    arg [-lgcc_s] ==> lib [gcc_s]
    arg [-lgcc] ==> lib [gcc]
    arg [/usr/lib/gcc/aarch64-linux-gnu/7/crtendS.o] ==> ignore
    arg [/usr/lib/gcc/aarch64-linux-gnu/7/../../../aarch64-linux-gnu/crtn.o] ==> ignore
  collapse library dir [/usr/lib/gcc/aarch64-linux-gnu/7] ==> [/usr/lib/gcc/aarch64-linux-gnu/7]
  collapse library dir [/usr/lib/gcc/aarch64-linux-gnu/7/../../../aarch64-linux-gnu] ==> [/usr/lib/aarch64-linux-gnu]
  collapse library dir [/usr/lib/gcc/aarch64-linux-gnu/7/../../../../lib] ==> [/usr/lib]
  collapse library dir [/lib/aarch64-linux-gnu] ==> [/lib/aarch64-linux-gnu]
  collapse library dir [/lib/../lib] ==> [/lib]
  collapse library dir [/usr/lib/aarch64-linux-gnu] ==> [/usr/lib/aarch64-linux-gnu]
  collapse library dir [/usr/lib/../lib] ==> [/usr/lib]
  collapse library dir [/usr/lib/gcc/aarch64-linux-gnu/7/../../..] ==> [/usr/lib]
  implicit libs: [stdc++;m;gcc_s;gcc;c;gcc_s;gcc]
  implicit dirs: [/usr/lib/gcc/aarch64-linux-gnu/7;/usr/lib/aarch64-linux-gnu;/usr/lib;/lib/aarch64-linux-gnu;/lib]
  implicit fwks: []




Detecting CXX [-std=c++1z] compiler features compiled with the following output:
Change Dir: /tmp/tmp.IyJU8EsJ7j/cmake-build-debug-remote-host/CMakeFiles/CMakeTmp

Run Build Command:"/usr/bin/make" "cmTC_0ff32/fast"
/usr/bin/make -f CMakeFiles/cmTC_0ff32.dir/build.make CMakeFiles/cmTC_0ff32.dir/build
make[1]: Entering directory '/tmp/tmp.IyJU8EsJ7j/cmake-build-debug-remote-host/CMakeFiles/CMakeTmp'
Building CXX object CMakeFiles/cmTC_0ff32.dir/feature_tests.cxx.o
/bin/g++    -std=c++1z -std=gnu++1z -o CMakeFiles/cmTC_0ff32.dir/feature_tests.cxx.o -c /tmp/tmp.IyJU8EsJ7j/cmake-build-debug-remote-host/CMakeFiles/feature_tests.cxx
Linking CXX executable cmTC_0ff32
/usr/bin/cmake -E cmake_link_script CMakeFiles/cmTC_0ff32.dir/link.txt --verbose=1
/bin/g++       CMakeFiles/cmTC_0ff32.dir/feature_tests.cxx.o  -o cmTC_0ff32 
make[1]: Leaving directory '/tmp/tmp.IyJU8EsJ7j/cmake-build-debug-remote-host/CMakeFiles/CMakeTmp'


    Feature record: CXX_FEATURE:1cxx_aggregate_default_initializers
    Feature record: CXX_FEATURE:1cxx_alias_templates
    Feature record: CXX_FEATURE:1cxx_alignas
    Feature record: CXX_FEATURE:1cxx_alignof
    Feature record: CXX_FEATURE:1cxx_attributes
    Feature record: CXX_FEATURE:1cxx_attribute_deprecated
    Feature record: CXX_FEATURE:1cxx_auto_type
    Feature record: CXX_FEATURE:1cxx_binary_literals
    Feature record: CXX_FEATURE:1cxx_constexpr
    Feature record: CXX_FEATURE:1cxx_contextual_conversions
    Feature record: CXX_FEATURE:1cxx_decltype
    Feature record: CXX_FEATURE:1cxx_decltype_auto
    Feature record: CXX_FEATURE:1cxx_decltype_incomplete_return_types
    Feature record: CXX_FEATURE:1cxx_default_function_template_args
    Feature record: CXX_FEATURE:1cxx_defaulted_functions
    Feature record: CXX_FEATURE:1cxx_defaulted_move_initializers
    Feature record: CXX_FEATURE:1cxx_delegating_constructors
    Feature record: CXX_FEATURE:1cxx_deleted_functions
    Feature record: CXX_FEATURE:1cxx_digit_separators
    Feature record: CXX_FEATURE:1cxx_enum_forward_declarations
    Feature record: CXX_FEATURE:1cxx_explicit_conversions
    Feature record: CXX_FEATURE:1cxx_extended_friend_declarations
    Feature record: CXX_FEATURE:1cxx_extern_templates
    Feature record: CXX_FEATURE:1cxx_final
    Feature record: CXX_FEATURE:1cxx_func_identifier
    Feature record: CXX_FEATURE:1cxx_generalized_initializers
    Feature record: CXX_FEATURE:1cxx_generic_lambdas
    Feature record: CXX_FEATURE:1cxx_inheriting_constructors
    Feature record: CXX_FEATURE:1cxx_inline_namespaces
    Feature record: CXX_FEATURE:1cxx_lambdas
    Feature record: CXX_FEATURE:1cxx_lambda_init_captures
    Feature record: CXX_FEATURE:1cxx_local_type_template_args
    Feature record: CXX_FEATURE:1cxx_long_long_type
    Feature record: CXX_FEATURE:1cxx_noexcept
    Feature record: CXX_FEATURE:1cxx_nonstatic_member_init
    Feature record: CXX_FEATURE:1cxx_nullptr
    Feature record: CXX_FEATURE:1cxx_override
    Feature record: CXX_FEATURE:1cxx_range_for
    Feature record: CXX_FEATURE:1cxx_raw_string_literals
    Feature record: CXX_FEATURE:1cxx_reference_qualified_functions
    Feature record: CXX_FEATURE:1cxx_relaxed_constexpr
    Feature record: CXX_FEATURE:1cxx_return_type_deduction
    Feature record: CXX_FEATURE:1cxx_right_angle_brackets
    Feature record: CXX_FEATURE:1cxx_rvalue_references
    Feature record: CXX_FEATURE:1cxx_sizeof_member
    Feature record: CXX_FEATURE:1cxx_static_assert
    Feature record: CXX_FEATURE:1cxx_strong_enums
    Feature record: CXX_FEATURE:1cxx_template_template_parameters
    Feature record: CXX_FEATURE:1cxx_thread_local
    Feature record: CXX_FEATURE:1cxx_trailing_return_types
    Feature record: CXX_FEATURE:1cxx_unicode_literals
    Feature record: CXX_FEATURE:1cxx_uniform_initialization
    Feature record: CXX_FEATURE:1cxx_unrestricted_unions
    Feature record: CXX_FEATURE:1cxx_user_literals
    Feature record: CXX_FEATURE:1cxx_variable_templates
    Feature record: CXX_FEATURE:1cxx_variadic_macros
    Feature record: CXX_FEATURE:1cxx_variadic_templates


Detecting CXX [-std=c++14] compiler features compiled with the following output:
Change Dir: /tmp/tmp.IyJU8EsJ7j/cmake-build-debug-remote-host/CMakeFiles/CMakeTmp

Run Build Command:"/usr/bin/make" "cmTC_aa5ab/fast"
/usr/bin/make -f CMakeFiles/cmTC_aa5ab.dir/build.make CMakeFiles/cmTC_aa5ab.dir/build
make[1]: Entering directory '/tmp/tmp.IyJU8EsJ7j/cmake-build-debug-remote-host/CMakeFiles/CMakeTmp'
Building CXX object CMakeFiles/cmTC_aa5ab.dir/feature_tests.cxx.o
/bin/g++    -std=c++14 -std=gnu++1z -o CMakeFiles/cmTC_aa5ab.dir/feature_tests.cxx.o -c /tmp/tmp.IyJU8EsJ7j/cmake-build-debug-remote-host/CMakeFiles/feature_tests.cxx
Linking CXX executable cmTC_aa5ab
/usr/bin/cmake -E cmake_link_script CMakeFiles/cmTC_aa5ab.dir/link.txt --verbose=1
/bin/g++       CMakeFiles/cmTC_aa5ab.dir/feature_tests.cxx.o  -o cmTC_aa5ab 
make[1]: Leaving directory '/tmp/tmp.IyJU8EsJ7j/cmake-build-debug-remote-host/CMakeFiles/CMakeTmp'


    Feature record: CXX_FEATURE:1cxx_aggregate_default_initializers
    Feature record: CXX_FEATURE:1cxx_alias_templates
    Feature record: CXX_FEATURE:1cxx_alignas
    Feature record: CXX_FEATURE:1cxx_alignof
    Feature record: CXX_FEATURE:1cxx_attributes
    Feature record: CXX_FEATURE:1cxx_attribute_deprecated
    Feature record: CXX_FEATURE:1cxx_auto_type
    Feature record: CXX_FEATURE:1cxx_binary_literals
    Feature record: CXX_FEATURE:1cxx_constexpr
    Feature record: CXX_FEATURE:1cxx_contextual_conversions
    Feature record: CXX_FEATURE:1cxx_decltype
    Feature record: CXX_FEATURE:1cxx_decltype_auto
    Feature record: CXX_FEATURE:1cxx_decltype_incomplete_return_types
    Feature record: CXX_FEATURE:1cxx_default_function_template_args
    Feature record: CXX_FEATURE:1cxx_defaulted_functions
    Feature record: CXX_FEATURE:1cxx_defaulted_move_initializers
    Feature record: CXX_FEATURE:1cxx_delegating_constructors
    Feature record: CXX_FEATURE:1cxx_deleted_functions
    Feature record: CXX_FEATURE:1cxx_digit_separators
    Feature record: CXX_FEATURE:1cxx_enum_forward_declarations
    Feature record: CXX_FEATURE:1cxx_explicit_conversions
    Feature record: CXX_FEATURE:1cxx_extended_friend_declarations
    Feature record: CXX_FEATURE:1cxx_extern_templates
    Feature record: CXX_FEATURE:1cxx_final
    Feature record: CXX_FEATURE:1cxx_func_identifier
    Feature record: CXX_FEATURE:1cxx_generalized_initializers
    Feature record: CXX_FEATURE:1cxx_generic_lambdas
    Feature record: CXX_FEATURE:1cxx_inheriting_constructors
    Feature record: CXX_FEATURE:1cxx_inline_namespaces
    Feature record: CXX_FEATURE:1cxx_lambdas
    Feature record: CXX_FEATURE:1cxx_lambda_init_captures
    Feature record: CXX_FEATURE:1cxx_local_type_template_args
    Feature record: CXX_FEATURE:1cxx_long_long_type
    Feature record: CXX_FEATURE:1cxx_noexcept
    Feature record: CXX_FEATURE:1cxx_nonstatic_member_init
    Feature record: CXX_FEATURE:1cxx_nullptr
    Feature record: CXX_FEATURE:1cxx_override
    Feature record: CXX_FEATURE:1cxx_range_for
    Feature record: CXX_FEATURE:1cxx_raw_string_literals
    Feature record: CXX_FEATURE:1cxx_reference_qualified_functions
    Feature record: CXX_FEATURE:1cxx_relaxed_constexpr
    Feature record: CXX_FEATURE:1cxx_return_type_deduction
    Feature record: CXX_FEATURE:1cxx_right_angle_brackets
    Feature record: CXX_FEATURE:1cxx_rvalue_references
    Feature record: CXX_FEATURE:1cxx_sizeof_member
    Feature record: CXX_FEATURE:1cxx_static_assert
    Feature record: CXX_FEATURE:1cxx_strong_enums
    Feature record: CXX_FEATURE:1cxx_template_template_parameters
    Feature record: CXX_FEATURE:1cxx_thread_local
    Feature record: CXX_FEATURE:1cxx_trailing_return_types
    Feature record: CXX_FEATURE:1cxx_unicode_literals
    Feature record: CXX_FEATURE:1cxx_uniform_initialization
    Feature record: CXX_FEATURE:1cxx_unrestricted_unions
    Feature record: CXX_FEATURE:1cxx_user_literals
    Feature record: CXX_FEATURE:1cxx_variable_templates
    Feature record: CXX_FEATURE:1cxx_variadic_macros
    Feature record: CXX_FEATURE:1cxx_variadic_templates


Detecting CXX [-std=c++11] compiler features compiled with the following output:
Change Dir: /tmp/tmp.IyJU8EsJ7j/cmake-build-debug-remote-host/CMakeFiles/CMakeTmp

Run Build Command:"/usr/bin/make" "cmTC_185c8/fast"
/usr/bin/make -f CMakeFiles/cmTC_185c8.dir/build.make CMakeFiles/cmTC_185c8.dir/build
make[1]: Entering directory '/tmp/tmp.IyJU8EsJ7j/cmake-build-debug-remote-host/CMakeFiles/CMakeTmp'
Building CXX object CMakeFiles/cmTC_185c8.dir/feature_tests.cxx.o
/bin/g++    -std=c++11 -std=gnu++1z -o CMakeFiles/cmTC_185c8.dir/feature_tests.cxx.o -c /tmp/tmp.IyJU8EsJ7j/cmake-build-debug-remote-host/CMakeFiles/feature_tests.cxx
Linking CXX executable cmTC_185c8
/usr/bin/cmake -E cmake_link_script CMakeFiles/cmTC_185c8.dir/link.txt --verbose=1
/bin/g++       CMakeFiles/cmTC_185c8.dir/feature_tests.cxx.o  -o cmTC_185c8 
make[1]: Leaving directory '/tmp/tmp.IyJU8EsJ7j/cmake-build-debug-remote-host/CMakeFiles/CMakeTmp'


    Feature record: CXX_FEATURE:1cxx_aggregate_default_initializers
    Feature record: CXX_FEATURE:1cxx_alias_templates
    Feature record: CXX_FEATURE:1cxx_alignas
    Feature record: CXX_FEATURE:1cxx_alignof
    Feature record: CXX_FEATURE:1cxx_attributes
    Feature record: CXX_FEATURE:1cxx_attribute_deprecated
    Feature record: CXX_FEATURE:1cxx_auto_type
    Feature record: CXX_FEATURE:1cxx_binary_literals
    Feature record: CXX_FEATURE:1cxx_constexpr
    Feature record: CXX_FEATURE:1cxx_contextual_conversions
    Feature record: CXX_FEATURE:1cxx_decltype
    Feature record: CXX_FEATURE:1cxx_decltype_auto
    Feature record: CXX_FEATURE:1cxx_decltype_incomplete_return_types
    Feature record: CXX_FEATURE:1cxx_default_function_template_args
    Feature record: CXX_FEATURE:1cxx_defaulted_functions
    Feature record: CXX_FEATURE:1cxx_defaulted_move_initializers
    Feature record: CXX_FEATURE:1cxx_delegating_constructors
    Feature record: CXX_FEATURE:1cxx_deleted_functions
    Feature record: CXX_FEATURE:1cxx_digit_separators
    Feature record: CXX_FEATURE:1cxx_enum_forward_declarations
    Feature record: CXX_FEATURE:1cxx_explicit_conversions
    Feature record: CXX_FEATURE:1cxx_extended_friend_declarations
    Feature record: CXX_FEATURE:1cxx_extern_templates
    Feature record: CXX_FEATURE:1cxx_final
    Feature record: CXX_FEATURE:1cxx_func_identifier
    Feature record: CXX_FEATURE:1cxx_generalized_initializers
    Feature record: CXX_FEATURE:1cxx_generic_lambdas
    Feature record: CXX_FEATURE:1cxx_inheriting_constructors
    Feature record: CXX_FEATURE:1cxx_inline_namespaces
    Feature record: CXX_FEATURE:1cxx_lambdas
    Feature record: CXX_FEATURE:1cxx_lambda_init_captures
    Feature record: CXX_FEATURE:1cxx_local_type_template_args
    Feature record: CXX_FEATURE:1cxx_long_long_type
    Feature record: CXX_FEATURE:1cxx_noexcept
    Feature record: CXX_FEATURE:1cxx_nonstatic_member_init
    Feature record: CXX_FEATURE:1cxx_nullptr
    Feature record: CXX_FEATURE:1cxx_override
    Feature record: CXX_FEATURE:1cxx_range_for
    Feature record: CXX_FEATURE:1cxx_raw_string_literals
    Feature record: CXX_FEATURE:1cxx_reference_qualified_functions
    Feature record: CXX_FEATURE:1cxx_relaxed_constexpr
    Feature record: CXX_FEATURE:1cxx_return_type_deduction
    Feature record: CXX_FEATURE:1cxx_right_angle_brackets
    Feature record: CXX_FEATURE:1cxx_rvalue_references
    Feature record: CXX_FEATURE:1cxx_sizeof_member
    Feature record: CXX_FEATURE:1cxx_static_assert
    Feature record: CXX_FEATURE:1cxx_strong_enums
    Feature record: CXX_FEATURE:1cxx_template_template_parameters
    Feature record: CXX_FEATURE:1cxx_thread_local
    Feature record: CXX_FEATURE:1cxx_trailing_return_types
    Feature record: CXX_FEATURE:1cxx_unicode_literals
    Feature record: CXX_FEATURE:1cxx_uniform_initialization
    Feature record: CXX_FEATURE:1cxx_unrestricted_unions
    Feature record: CXX_FEATURE:1cxx_user_literals
    Feature record: CXX_FEATURE:1cxx_variable_templates
    Feature record: CXX_FEATURE:1cxx_variadic_macros
    Feature record: CXX_FEATURE:1cxx_variadic_templates


Detecting CXX [-std=c++98] compiler features compiled with the following output:
Change Dir: /tmp/tmp.IyJU8EsJ7j/cmake-build-debug-remote-host/CMakeFiles/CMakeTmp

Run Build Command:"/usr/bin/make" "cmTC_0603c/fast"
/usr/bin/make -f CMakeFiles/cmTC_0603c.dir/build.make CMakeFiles/cmTC_0603c.dir/build
make[1]: Entering directory '/tmp/tmp.IyJU8EsJ7j/cmake-build-debug-remote-host/CMakeFiles/CMakeTmp'
Building CXX object CMakeFiles/cmTC_0603c.dir/feature_tests.cxx.o
/bin/g++    -std=c++98 -std=gnu++1z -o CMakeFiles/cmTC_0603c.dir/feature_tests.cxx.o -c /tmp/tmp.IyJU8EsJ7j/cmake-build-debug-remote-host/CMakeFiles/feature_tests.cxx
Linking CXX executable cmTC_0603c
/usr/bin/cmake -E cmake_link_script CMakeFiles/cmTC_0603c.dir/link.txt --verbose=1
/bin/g++       CMakeFiles/cmTC_0603c.dir/feature_tests.cxx.o  -o cmTC_0603c 
make[1]: Leaving directory '/tmp/tmp.IyJU8EsJ7j/cmake-build-debug-remote-host/CMakeFiles/CMakeTmp'


    Feature record: CXX_FEATURE:1cxx_aggregate_default_initializers
    Feature record: CXX_FEATURE:1cxx_alias_templates
    Feature record: CXX_FEATURE:1cxx_alignas
    Feature record: CXX_FEATURE:1cxx_alignof
    Feature record: CXX_FEATURE:1cxx_attributes
    Feature record: CXX_FEATURE:1cxx_attribute_deprecated
    Feature record: CXX_FEATURE:1cxx_auto_type
    Feature record: CXX_FEATURE:1cxx_binary_literals
    Feature record: CXX_FEATURE:1cxx_constexpr
    Feature record: CXX_FEATURE:1cxx_contextual_conversions
    Feature record: CXX_FEATURE:1cxx_decltype
    Feature record: CXX_FEATURE:1cxx_decltype_auto
    Feature record: CXX_FEATURE:1cxx_decltype_incomplete_return_types
    Feature record: CXX_FEATURE:1cxx_default_function_template_args
    Feature record: CXX_FEATURE:1cxx_defaulted_functions
    Feature record: CXX_FEATURE:1cxx_defaulted_move_initializers
    Feature record: CXX_FEATURE:1cxx_delegating_constructors
    Feature record: CXX_FEATURE:1cxx_deleted_functions
    Feature record: CXX_FEATURE:1cxx_digit_separators
    Feature record: CXX_FEATURE:1cxx_enum_forward_declarations
    Feature record: CXX_FEATURE:1cxx_explicit_conversions
    Feature record: CXX_FEATURE:1cxx_extended_friend_declarations
    Feature record: CXX_FEATURE:1cxx_extern_templates
    Feature record: CXX_FEATURE:1cxx_final
    Feature record: CXX_FEATURE:1cxx_func_identifier
    Feature record: CXX_FEATURE:1cxx_generalized_initializers
    Feature record: CXX_FEATURE:1cxx_generic_lambdas
    Feature record: CXX_FEATURE:1cxx_inheriting_constructors
    Feature record: CXX_FEATURE:1cxx_inline_namespaces
    Feature record: CXX_FEATURE:1cxx_lambdas
    Feature record: CXX_FEATURE:1cxx_lambda_init_captures
    Feature record: CXX_FEATURE:1cxx_local_type_template_args
    Feature record: CXX_FEATURE:1cxx_long_long_type
    Feature record: CXX_FEATURE:1cxx_noexcept
    Feature record: CXX_FEATURE:1cxx_nonstatic_member_init
    Feature record: CXX_FEATURE:1cxx_nullptr
    Feature record: CXX_FEATURE:1cxx_override
    Feature record: CXX_FEATURE:1cxx_range_for
    Feature record: CXX_FEATURE:1cxx_raw_string_literals
    Feature record: CXX_FEATURE:1cxx_reference_qualified_functions
    Feature record: CXX_FEATURE:1cxx_relaxed_constexpr
    Feature record: CXX_FEATURE:1cxx_return_type_deduction
    Feature record: CXX_FEATURE:1cxx_right_angle_brackets
    Feature record: CXX_FEATURE:1cxx_rvalue_references
    Feature record: CXX_FEATURE:1cxx_sizeof_member
    Feature record: CXX_FEATURE:1cxx_static_assert
    Feature record: CXX_FEATURE:1cxx_strong_enums
    Feature record: CXX_FEATURE:1cxx_template_template_parameters
    Feature record: CXX_FEATURE:1cxx_thread_local
    Feature record: CXX_FEATURE:1cxx_trailing_return_types
    Feature record: CXX_FEATURE:1cxx_unicode_literals
    Feature record: CXX_FEATURE:1cxx_uniform_initialization
    Feature record: CXX_FEATURE:1cxx_unrestricted_unions
    Feature record: CXX_FEATURE:1cxx_user_literals
    Feature record: CXX_FEATURE:1cxx_variable_templates
    Feature record: CXX_FEATURE:1cxx_variadic_macros
    Feature record: CXX_FEATURE:1cxx_variadic_templates
Determining if the include file pthread.h exists passed with the following output:
Change Dir: /tmp/tmp.IyJU8EsJ7j/cmake-build-debug-remote-host/CMakeFiles/CMakeTmp

Run Build Command:"/usr/bin/make" "cmTC_c2a87/fast"
/usr/bin/make -f CMakeFiles/cmTC_c2a87.dir/build.make CMakeFiles/cmTC_c2a87.dir/build
make[1]: Entering directory '/tmp/tmp.IyJU8EsJ7j/cmake-build-debug-remote-host/CMakeFiles/CMakeTmp'
Building C object CMakeFiles/cmTC_c2a87.dir/CheckIncludeFile.c.o
/usr/bin/gcc    -o CMakeFiles/cmTC_c2a87.dir/CheckIncludeFile.c.o   -c /tmp/tmp.IyJU8EsJ7j/cmake-build-debug-remote-host/CMakeFiles/CMakeTmp/CheckIncludeFile.c
Linking C executable cmTC_c2a87
/usr/bin/cmake -E cmake_link_script CMakeFiles/cmTC_c2a87.dir/link.txt --verbose=1
/usr/bin/gcc      CMakeFiles/cmTC_c2a87.dir/CheckIncludeFile.c.o  -o cmTC_c2a87 
make[1]: Leaving directory '/tmp/tmp.IyJU8EsJ7j/cmake-build-debug-remote-host/CMakeFiles/CMakeTmp'


Determining if the function pthread_create exists in the pthread passed with the following output:
Change Dir: /tmp/tmp.IyJU8EsJ7j/cmake-build-debug-remote-host/CMakeFiles/CMakeTmp

Run Build Command:"/usr/bin/make" "cmTC_5750c/fast"
/usr/bin/make -f CMakeFiles/cmTC_5750c.dir/build.make CMakeFiles/cmTC_5750c.dir/build
make[1]: Entering directory '/tmp/tmp.IyJU8EsJ7j/cmake-build-debug-remote-host/CMakeFiles/CMakeTmp'
Building C object CMakeFiles/cmTC_5750c.dir/CheckFunctionExists.c.o
/usr/bin/gcc   -DCHECK_FUNCTION_EXISTS=pthread_create   -o CMakeFiles/cmTC_5750c.dir/CheckFunctionExists.c.o   -c /usr/share/cmake-3.10/Modules/CheckFunctionExists.c
Linking C executable cmTC_5750c
/usr/bin/cmake -E cmake_link_script CMakeFiles/cmTC_5750c.dir/link.txt --verbose=1
/usr/bin/gcc  -DCHECK_FUNCTION_EXISTS=pthread_create    CMakeFiles/cmTC_5750c.dir/CheckFunctionExists.c.o  -o cmTC_5750c -lpthread 
make[1]: Leaving directory '/tmp/tmp.IyJU8EsJ7j/cmake-build-debug-remote-host/CMakeFiles/CMakeTmp'


